<?xml version="1.0" encoding="UTF-8"?>
<!-- Generated by org.testng.reporters.JUnitReportReporter -->
<testsuite hostname="Daksh-ASUS" failures="0" tests="9" name="SkillSpark.Signup" time="87.368" errors="0" timestamp="2024-05-01T20:44:35 IST" skipped="0">
  <testcase classname="SkillSpark.Signup" name="main_function" time="9.517"/>
  <testcase classname="SkillSpark.Signup" name="main_function" time="9.520"/>
  <testcase classname="SkillSpark.Signup" name="main_function" time="9.674"/>
  <testcase classname="SkillSpark.Signup" name="main_function" time="9.600"/>
  <testcase classname="SkillSpark.Signup" name="main_function" time="9.488"/>
  <testcase classname="SkillSpark.Signup" name="main_function" time="9.393"/>
  <testcase classname="SkillSpark.Signup" name="main_function" time="10.668"/>
  <testcase classname="SkillSpark.Signup" name="main_function" time="9.520"/>
  <testcase classname="SkillSpark.Signup" name="main_function" time="9.988"/>
</testsuite> <!-- SkillSpark.Signup -->
