<?xml version="1.0" encoding="UTF-8"?>
<!-- Generated by org.testng.reporters.JUnitReportReporter -->
<testsuite hostname="Daksh-ASUS" failures="0" tests="5" name="SkillSpark.AddToCart" time="47.435" errors="0" timestamp="2024-05-01T20:44:35 IST" skipped="0">
  <testcase classname="SkillSpark.AddToCart" name="f" time="10.162"/>
  <testcase classname="SkillSpark.AddToCart" name="f" time="9.307"/>
  <testcase classname="SkillSpark.AddToCart" name="f" time="9.407"/>
  <testcase classname="SkillSpark.AddToCart" name="f" time="9.236"/>
  <testcase classname="SkillSpark.AddToCart" name="f" time="9.323"/>
</testsuite> <!-- SkillSpark.AddToCart -->
